============================= test session starts ==============================
platform darwin -- Python 3.11.13, pytest-8.4.1, pluggy-1.6.0 -- /home/dev/app/.venv/bin/python3
rootdir: /home/dev/app
configfile: pyproject.toml
plugins: anyio-4.9.0, syrupy-4.9.1, xdist-3.8.0
collecting ... collected 495 items / 236 deselected / 259 selected

test/app/config/test_app_config.py::TestProjectConfigAutogenerate::test_autogenerate_empty_directory FAILED [  0%]
test/app/config/test_app_config.py::TestProjectConfigAutogenerate::test_autogenerate_with_python_files PASSED [  0%]
test/app/config/test_app_config.py::TestProjectConfigAutogenerate::test_autogenerate_with_multiple_languages PASSED [  1%]
test/app/config/test_app_config.py::TestProjectConfigAutogenerate::test_autogenerate_saves_to_disk PASSED [  1%]
test/app/config/test_app_config.py::TestProjectConfigAutogenerate::test_autogenerate_nonexistent_path PASSED [  1%]
test/app/config/test_app_config.py::TestProjectConfigAutogenerate::test_autogenerate_with_gitignored_files_only PASSED [  2%]
test/app/config/test_app_config.py::TestProjectConfigAutogenerate::test_autogenerate_custom_project_name PASSED [  2%]
test/app/config/test_app_config.py::TestProjectConfigAutogenerate::test_autogenerate_error_message_format PASSED [  3%]
test/app/test_edit_marker.py::TestEditMarker::test_tool_can_edit_method PASSED [  3%]
test/app/test_mcp.py::test_make_tool_basic PASSED                     [  3%]
test/app/test_mcp.py::test_make_tool_execution PASSED                 [  4%]
test/app/test_mcp.py::test_make_tool_no_params PASSED                 [  4%]
test/app/test_mcp.py::test_make_tool_no_return_description PASSED     [  5%]
test/app/test_mcp.py::test_make_tool_parameter_not_in_docstring PASSED [  5%]
test/app/test_mcp.py::test_make_tool_multiline_docstring PASSED       [  5%]
test/app/test_mcp.py::test_make_tool_capitalization_and_periods PASSED [  6%]
test/app/test_mcp.py::test_make_tool_missing_apply PASSED             [  6%]
test/app/test_mcp.py::test_make_tool_descriptions[This is a test function.\n\n            :param param: The parameter\n            :return: A result\n            -This is a test function. Returns A result.] PASSED [  6%]
test/app/test_mcp.py::test_make_tool_descriptions[\n            :param param: The parameter\n            :return: A result\n            -Returns A result.] PASSED [  7%]
test/app/test_mcp.py::test_make_tool_descriptions[\n            :param param: The parameter\n            -] PASSED [  7%]
test/app/test_mcp.py::test_make_tool_descriptions[Description without params.-Description without params.] PASSED [  8%]
test/app/test_mcp.py::test_make_tool_all_tools[ReadFileTool] PASSED   [  8%]
test/app/test_mcp.py::test_make_tool_all_tools[CreateTextFileTool] PASSED [  8%]
test/app/test_mcp.py::test_make_tool_all_tools[ListDirTool] PASSED    [  9%]
test/app/test_mcp.py::test_make_tool_all_tools[FindFileTool] PASSED   [  9%]
test/app/test_mcp.py::test_make_tool_all_tools[ReplaceRegexTool] PASSED [ 10%]
test/app/test_mcp.py::test_make_tool_all_tools[DeleteLinesTool] PASSED [ 10%]
test/app/test_mcp.py::test_make_tool_all_tools[ReplaceLinesTool] PASSED [ 10%]
test/app/test_mcp.py::test_make_tool_all_tools[InsertAtLineTool] PASSED [ 11%]
test/app/test_mcp.py::test_make_tool_all_tools[SearchForPatternTool] PASSED [ 11%]
test/app/test_mcp.py::test_make_tool_all_tools[RestartLanguageServerTool] PASSED [ 11%]
test/app/test_mcp.py::test_make_tool_all_tools[GetSymbolsOverviewTool] PASSED [ 12%]
test/app/test_mcp.py::test_make_tool_all_tools[FindSymbolTool] PASSED [ 12%]
test/app/test_mcp.py::test_make_tool_all_tools[FindReferencingSymbolsTool] PASSED [ 13%]
test/app/test_mcp.py::test_make_tool_all_tools[ReplaceSymbolBodyTool] PASSED [ 13%]
test/app/test_mcp.py::test_make_tool_all_tools[InsertAfterSymbolTool] PASSED [ 13%]
test/app/test_mcp.py::test_make_tool_all_tools[InsertBeforeSymbolTool] PASSED [ 14%]
test/app/test_mcp.py::test_make_tool_all_tools[WriteMemoryTool] PASSED [ 14%]
test/app/test_mcp.py::test_make_tool_all_tools[ReadMemoryTool] PASSED [ 15%]
test/app/test_mcp.py::test_make_tool_all_tools[ListMemoriesTool] PASSED [ 15%]
test/app/test_mcp.py::test_make_tool_all_tools[DeleteMemoryTool] PASSED [ 15%]
test/app/test_mcp.py::test_make_tool_all_tools[ExecuteShellCommandTool] PASSED [ 16%]
test/app/test_mcp.py::test_make_tool_all_tools[ActivateProjectTool] PASSED [ 16%]
test/app/test_mcp.py::test_make_tool_all_tools[RemoveProjectTool] PASSED [ 16%]
test/app/test_mcp.py::test_make_tool_all_tools[SwitchModesTool] PASSED [ 17%]
test/app/test_mcp.py::test_make_tool_all_tools[GetCurrentConfigTool] PASSED [ 17%]
test/app/test_mcp.py::test_make_tool_all_tools[CheckOnboardingPerformedTool] PASSED [ 18%]
test/app/test_mcp.py::test_make_tool_all_tools[OnboardingTool] PASSED [ 18%]
test/app/test_mcp.py::test_make_tool_all_tools[ThinkAboutCollectedInformationTool] PASSED [ 18%]
test/app/test_mcp.py::test_make_tool_all_tools[ThinkAboutTaskAdherenceTool] PASSED [ 19%]
test/app/test_mcp.py::test_make_tool_all_tools[ThinkAboutWhetherYouAreDoneTool] PASSED [ 19%]
test/app/test_mcp.py::test_make_tool_all_tools[SummarizeChangesTool] PASSED [ 20%]
test/app/test_mcp.py::test_make_tool_all_tools[PrepareForNewConversationTool] PASSED [ 20%]
test/app/test_mcp.py::test_make_tool_all_tools[InitialInstructionsTool] PASSED [ 20%]
test/app/test_mcp.py::test_make_tool_all_tools[JetBrainsFindSymbolTool] PASSED [ 21%]
test/app/test_mcp.py::test_make_tool_all_tools[JetBrainsFindReferencingSymbolsTool] PASSED [ 21%]
test/app/test_mcp.py::test_make_tool_all_tools[JetBrainsGetSymbolsOverviewTool] PASSED [ 22%]
test/app/test_app_agent.py::TestappAgent::test_find_symbol[python-User-Class-models.py] PASSED [ 22%]
test/app/test_app_agent.py::TestappAgent::test_find_symbol_references[python-User-test_repo/models.py-test_repo/services.py] PASSED [ 22%]
test/app/test_app_agent.py::TestappAgent::test_find_symbol_name_path[exact_qualname_class] PASSED [ 23%]
test/app/test_app_agent.py::TestappAgent::test_find_symbol_name_path[exact_qualname_method] PASSED [ 23%]
test/app/test_app_agent.py::TestappAgent::test_find_symbol_name_path[substring_qualname_class] PASSED [ 23%]
test/app/test_app_agent.py::TestappAgent::test_find_symbol_name_path[substring_qualname_method] PASSED [ 24%]
test/app/test_app_agent.py::TestappAgent::test_find_symbol_name_path[absolute_qualname_class] PASSED [ 24%]
test/app/test_app_agent.py::TestappAgent::test_find_symbol_name_path[absolute_substring_qualname_method] PASSED [ 25%]
test/app/test_app_agent.py::TestappAgent::test_find_symbol_name_path_no_match[absolute_path_non_top_level_no_match] PASSED [ 25%]
test/app/test_app_agent.py::TestappAgent::test_find_symbol_name_path_no_match[absolute_path_non_existent_parent_no_match] PASSED [ 25%]
test/app/test_symbol.py::TestSymbolNameMatching::test_match_simple_name['foo' matches 'foo' exactly (simple)] PASSED [ 26%]
test/app/test_symbol.py::TestSymbolNameMatching::test_match_simple_name['foo/' matches 'foo' exactly (simple)] PASSED [ 26%]
test/app/test_symbol.py::TestSymbolNameMatching::test_match_simple_name['foo' matches ['bar', 'foo'] exactly (simple, last element)] PASSED [ 27%]
test/app/test_symbol.py::TestSymbolNameMatching::test_match_simple_name['foo' does not match 'foobar' exactly (simple)] PASSED [ 27%]
test/app/test_symbol.py::TestSymbolNameMatching::test_match_simple_name['foo' does not match ['bar', 'foobar'] exactly (simple, last element)] PASSED [ 27%]
test/app/test_symbol.py::TestSymbolNameMatching::test_match_simple_name['foo' matches ['path', 'to', 'foo'] exactly (simple, last element)] PASSED [ 28%]
test/app/test_symbol.py::TestSymbolNameMatching::test_match_simple_name['/foo' matches ['foo'] exactly (absolute simple)] PASSED [ 28%]
test/app/test_symbol.py::TestSymbolNameMatching::test_match_simple_name['/foo' does not match ['foo', 'bar'] (absolute simple, len mismatch)] PASSED [ 28%]
test/app/test_symbol.py::TestSymbolNameMatching::test_match_simple_name['/foo' does not match ['bar'] (absolute simple, name mismatch)] PASSED [ 29%]
test/app/test_symbol.py::TestSymbolNameMatching::test_match_simple_name['/foo' does not match ['bar', 'foo'] (absolute simple, position mismatch)0] PASSED [ 29%]
test/app/test_symbol.py::TestSymbolNameMatching::test_match_simple_name['foo' matches 'foobar' as substring (simple)] PASSED [ 30%]
test/app/test_symbol.py::TestSymbolNameMatching::test_match_simple_name['foo' matches ['bar', 'foobar'] as substring (simple, last element)] PASSED [ 30%]
test/app/test_symbol.py::TestSymbolNameMatching::test_match_simple_name['foo' matches 'barfoo' as substring (simple)] PASSED [ 30%]
test/app/test_symbol.py::TestSymbolNameMatching::test_match_simple_name['foo' does not match 'baz' as substring (simple)] PASSED [ 31%]
test/app/test_symbol.py::TestSymbolNameMatching::test_match_simple_name['foo' does not match ['bar', 'baz'] as substring (simple, last element)] PASSED [ 31%]
test/app/test_symbol.py::TestSymbolNameMatching::test_match_simple_name['foo' matches 'my_foobar_func' as substring (simple)] PASSED [ 32%]
test/app/test_symbol.py::TestSymbolNameMatching::test_match_simple_name['foo' matches ['ClassA', 'my_foobar_method'] as substring (simple, last element)] PASSED [ 32%]
test/app/test_symbol.py::TestSymbolNameMatching::test_match_simple_name['foo' does not match 'my_bar_func' as substring (simple)] PASSED [ 32%]
test/app/test_symbol.py::TestSymbolNameMatching::test_match_simple_name['/foo' matches ['foobar'] as substring (absolute simple)] PASSED [ 33%]
test/app/test_symbol.py::TestSymbolNameMatching::test_match_simple_name['/foo/' matches ['foobar'] as substring (absolute simple, last element)] PASSED [ 33%]
test/app/test_symbol.py::TestSymbolNameMatching::test_match_simple_name['/foo' matches ['barfoobaz'] as substring (absolute simple)] PASSED [ 33%]
test/app/test_symbol.py::TestSymbolNameMatching::test_match_simple_name['/foo' does not match ['foo', 'bar'] as substring (absolute simple, len mismatch)] PASSED [ 34%]
test/app/test_symbol.py::TestSymbolNameMatching::test_match_simple_name['/foo' does not match ['bar'] (absolute simple, no substr)] PASSED [ 34%]
test/app/test_symbol.py::TestSymbolNameMatching::test_match_simple_name['/foo' does not match ['bar', 'foo'] (absolute simple, position mismatch)1] PASSED [ 35%]
test/app/test_symbol.py::TestSymbolNameMatching::test_match_simple_name['/foo/' does not match ['bar', 'foo'] (absolute simple, position mismatch)] PASSED [ 35%]
test/app/test_symbol.py::TestSymbolNameMatching::test_match_name_path_pattern_path_len_2[R: 'bar/foo' matches ['bar', 'foo'] exactly] PASSED [ 35%]
test/app/test_symbol.py::TestSymbolNameMatching::test_match_name_path_pattern_path_len_2[R: 'bar/foo' matches ['mod', 'bar', 'foo'] exactly (suffix)] PASSED [ 36%]
test/app/test_symbol.py::TestSymbolNameMatching::test_match_name_path_pattern_path_len_2[R: 'bar/foo' does not match ['bar', 'foo', 'baz'] (pattern shorter)] PASSED [ 36%]
test/app/test_symbol.py::TestSymbolNameMatching::test_match_name_path_pattern_path_len_2[R: 'bar/foo' does not match ['bar'] (pattern longer)] PASSED [ 37%]
test/app/test_symbol.py::TestSymbolNameMatching::test_match_name_path_pattern_path_len_2[R: 'bar/foo' does not match ['baz', 'foo'] (first part mismatch)] PASSED [ 37%]
test/app/test_symbol.py::TestSymbolNameMatching::test_match_name_path_pattern_path_len_2[R: 'bar/foo' does not match ['bar', 'baz'] (last part mismatch)] PASSED [ 37%]
test/app/test_symbol.py::TestSymbolNameMatching::test_match_name_path_pattern_path_len_2[R: 'bar/foo' does not match ['foo'] (pattern longer)] PASSED [ 38%]
test/app/test_symbol.py::TestSymbolNameMatching::test_match_name_path_pattern_path_len_2[R: 'bar/foo' does not match ['other', 'foo'] (first part mismatch)] PASSED [ 38%]
test/app/test_symbol.py::TestSymbolNameMatching::test_match_name_path_pattern_path_len_2[R: 'bar/foo' does not match ['bar', 'otherfoo'] (last part mismatch)] PASSED [ 38%]
test/app/test_symbol.py::TestSymbolNameMatching::test_match_name_path_pattern_path_len_2[R: 'bar/foo' matches ['bar', 'foobar'] as substring] PASSED [ 39%]
test/app/test_symbol.py::TestSymbolNameMatching::test_match_name_path_pattern_path_len_2[R: 'bar/foo' matches ['mod', 'bar', 'foobar'] as substring (suffix)] PASSED [ 39%]
test/app/test_symbol.py::TestSymbolNameMatching::test_match_name_path_pattern_path_len_2[R: 'bar/foo' matches ['bar', 'bazfoo'] as substring] PASSED [ 40%]
test/app/test_symbol.py::TestSymbolNameMatching::test_match_name_path_pattern_path_len_2[R: 'bar/fo' matches ['bar', 'foo'] as substring] PASSED [ 40%]
test/app/test_symbol.py::TestSymbolNameMatching::test_match_name_path_pattern_path_len_2[R: 'bar/foo' does not match ['bar', 'baz'] (last no substr)] PASSED [ 40%]
test/app/test_symbol.py::TestSymbolNameMatching::test_match_name_path_pattern_path_len_2[R: 'bar/foo' does not match ['baz', 'foobar'] (first part mismatch)] PASSED [ 41%]
test/app/test_symbol.py::TestSymbolNameMatching::test_match_name_path_pattern_path_len_2[R: 'bar/foo' matches ['bar', 'my_foobar_method'] as substring] PASSED [ 41%]
test/app/test_symbol.py::TestSymbolNameMatching::test_match_name_path_pattern_path_len_2[R: 'bar/foo' matches ['mod', 'bar', 'my_foobar_method'] as substring (suffix)] PASSED [ 42%]
test/app/test_symbol.py::TestSymbolNameMatching::test_match_name_path_pattern_path_len_2[R: 'bar/foo' does not match ['bar', 'another_method'] (last no substr)] PASSED [ 42%]
test/app/test_symbol.py::TestSymbolNameMatching::test_match_name_path_pattern_path_len_2[R: 'bar/foo' does not match ['other', 'my_foobar_method'] (first part mismatch)] PASSED [ 42%]
test/app/test_symbol.py::TestSymbolNameMatching::test_match_name_path_pattern_path_len_2[R: 'bar/f' matches ['bar', 'foo'] as substring] PASSED [ 43%]
test/app/test_symbol.py::TestSymbolNameMatching::test_match_name_path_pattern_path_len_2[A: '/bar/foo' matches ['bar', 'foo'] exactly] PASSED [ 43%]
test/app/test_symbol.py::TestSymbolNameMatching::test_match_name_path_pattern_path_len_2[A: '/bar/foo' does not match ['bar', 'foo', 'baz'] (pattern shorter)] PASSED [ 44%]
test/app/test_symbol.py::TestSymbolNameMatching::test_match_name_path_pattern_path_len_2[A: '/bar/foo' does not match ['bar'] (pattern longer)] PASSED [ 44%]
test/app/test_symbol.py::TestSymbolNameMatching::test_match_name_path_pattern_path_len_2[A: '/bar/foo' does not match ['baz', 'foo'] (first part mismatch)] PASSED [ 44%]
test/app/test_symbol.py::TestSymbolNameMatching::test_match_name_path_pattern_path_len_2[A: '/bar/foo' does not match ['bar', 'baz'] (last part mismatch)] PASSED [ 45%]
test/app/test_symbol.py::TestSymbolNameMatching::test_match_name_path_pattern_path_len_2[A: '/bar/foo' matches ['bar', 'foobar'] as substring] PASSED [ 45%]
test/app/test_symbol.py::TestSymbolNameMatching::test_match_name_path_pattern_path_len_2[A: '/bar/foo' matches ['bar', 'bazfoo'] as substring] PASSED [ 45%]
test/app/test_symbol.py::TestSymbolNameMatching::test_match_name_path_pattern_path_len_2[A: '/bar/fo' matches ['bar', 'foo'] as substring] PASSED [ 46%]
test/app/test_symbol.py::TestSymbolNameMatching::test_match_name_path_pattern_path_len_2[A: '/bar/foo' does not match ['bar', 'baz'] (last no substr)] PASSED [ 46%]
test/app/test_symbol.py::TestSymbolNameMatching::test_match_name_path_pattern_path_len_2[A: '/bar/foo' does not match ['baz', 'foobar'] (first part mismatch)] PASSED [ 47%]
test/app/test_symbol_editing.py::test_delete_symbol[test_case0] PASSED [ 47%]
test/app/test_symbol_editing.py::test_insert_in_rel_to_symbol[test_case0-before] PASSED [ 47%]
test/app/test_symbol_editing.py::test_insert_in_rel_to_symbol[test_case0-after] PASSED [ 48%]
test/app/test_symbol_editing.py::test_insert_in_rel_to_symbol[test_case1-before] PASSED [ 48%]
test/app/test_symbol_editing.py::test_insert_in_rel_to_symbol[test_case1-after] PASSED [ 49%]
test/app/test_symbol_editing.py::test_insert_python_class_before PASSED [ 49%]
test/app/test_symbol_editing.py::test_insert_python_class_after PASSED [ 49%]
test/app/test_symbol_editing.py::test_replace_body[test_case0] PASSED [ 50%]
test/app/test_text_utils.py::TestSearchText::test_search_text_with_string_pattern PASSED [ 50%]
test/app/test_text_utils.py::TestSearchText::test_search_text_with_regex_pattern PASSED [ 50%]
test/app/test_text_utils.py::TestSearchText::test_search_text_with_compiled_regex PASSED [ 51%]
test/app/test_text_utils.py::TestSearchText::test_search_text_with_context_lines PASSED [ 51%]
test/app/test_text_utils.py::TestSearchText::test_search_text_with_multiline_match PASSED [ 52%]
test/app/test_text_utils.py::TestSearchText::test_search_text_with_glob_pattern PASSED [ 52%]
test/app/test_text_utils.py::TestSearchText::test_search_text_with_complex_glob_pattern PASSED [ 52%]
test/app/test_text_utils.py::TestSearchText::test_search_text_glob_with_special_chars PASSED [ 53%]
test/app/test_text_utils.py::TestSearchText::test_search_text_no_matches PASSED [ 53%]
test/app/test_text_utils.py::TestSearchFiles::test_search_files_include_exclude[-match----No filters] PASSED [ 54%]
test/app/test_text_utils.py::TestSearchFiles::test_search_files_include_exclude[-match-*.py---Include only .py files] PASSED [ 54%]
test/app/test_text_utils.py::TestSearchFiles::test_search_files_include_exclude[-match--*.txt--Exclude .txt files] PASSED [ 54%]
test/app/test_text_utils.py::TestSearchFiles::test_search_files_include_exclude[-match-*.py-c.*--Include .py, exclude c.*] PASSED [ 55%]
test/app/test_text_utils.py::TestSearchFiles::test_search_files_include_exclude[-match-test/*---Include files in test/ subdir] PASSED [ 55%]
test/app/test_text_utils.py::TestSearchFiles::test_search_files_include_exclude[-match-data/*-*.log--Include data/*, exclude *.log] PASSED [ 55%]
test/app/test_text_utils.py::TestSearchFiles::test_search_files_include_exclude[-match-src/**-tests/**--Include src/**, exclude tests/**] PASSED [ 56%]
test/app/test_text_utils.py::TestSearchFiles::test_search_files_include_exclude[-match-**/*.py-tests/**--Include **/*.py, exclude tests/**] PASSED [ 56%]
test/app/test_text_utils.py::TestSearchFiles::test_search_files_include_exclude[-match-dir/*.py---Include files directly in dir] PASSED [ 57%]
test/app/test_text_utils.py::TestSearchFiles::test_search_files_include_exclude[-match-dir/**/*.py---Include files recursively in dir] PASSED [ 57%]
test/app/test_text_utils.py::TestSearchFiles::test_search_files_include_exclude[-match-*.py-dir/*--Include *.py, exclude files directly in dir] PASSED [ 57%]
test/app/test_text_utils.py::TestSearchFiles::test_search_files_include_exclude[-match-a*/*.py---Include files in dirs starting with 'a'] PASSED [ 58%]
test/app/test_text_utils.py::TestSearchFiles::test_search_files_include_exclude[-match-*.py---No files match include pattern] PASSED [ 58%]
test/app/test_text_utils.py::TestSearchFiles::test_search_files_include_exclude[-match--*.py--All files match exclude pattern] PASSED [ 59%]
test/app/test_text_utils.py::TestSearchFiles::test_search_files_include_exclude[-match-a.*-*.py--Include a.* but exclude *.py -> empty] PASSED [ 59%]
test/app/test_text_utils.py::TestSearchFiles::test_search_files_include_exclude[-match-*.py-b.*--Include *.py but exclude b.* -> a.py] PASSED [ 59%]
test/app/test_text_utils.py::TestSearchFiles::test_search_files_glob_patterns[-match-src/**agent.py---Glob: src/**agent.py should match files ending with agent.py under src/] PASSED [ 60%]
test/app/test_text_utils.py::TestSearchFiles::test_search_files_glob_patterns[-match-**agent.py---Glob: **agent.py should match files ending with agent.py anywhere] PASSED [ 60%]
test/app/test_text_utils.py::TestSearchFiles::test_search_files_glob_patterns[-match-dir/**file.py---Glob: dir/**file.py should match files ending with file.py under dir/] PASSED [ 61%]
test/app/test_text_utils.py::TestSearchFiles::test_search_files_glob_patterns[-match-src/**/test.py---Glob: src/**/test.py should match test.py files under src/ at any depth] PASSED [ 61%]
test/app/test_text_utils.py::TestSearchFiles::test_search_files_glob_patterns[-match-**agent.py---Glob: **agent.py should match at root and any depth] PASSED [ 61%]
test/app/test_text_utils.py::TestSearchFiles::test_search_files_glob_patterns[-match-src/**---Glob: src/** should match everything under src/] PASSED [ 62%]
test/app/test_text_utils.py::TestSearchFiles::test_search_files_no_pattern_match_in_content PASSED [ 62%]
test/app/test_text_utils.py::TestSearchFiles::test_search_files_regex_pattern_with_filters PASSED [ 62%]
test/app/test_text_utils.py::TestSearchFiles::test_search_files_context_lines_with_filters PASSED [ 63%]
test/app/test_text_utils.py::TestGlobMatch::test_glob_match[*.py-file.py-True] PASSED [ 63%]
test/app/test_text_utils.py::TestGlobMatch::test_glob_match[*.py-file.txt-False] PASSED [ 64%]
test/app/test_text_utils.py::TestGlobMatch::test_glob_match[*agent.py-agent.py-True] PASSED [ 64%]
test/app/test_text_utils.py::TestGlobMatch::test_glob_match[*agent.py-process_isolated_agent.py-True] PASSED [ 64%]
test/app/test_text_utils.py::TestGlobMatch::test_glob_match[*agent.py-agent_test.py-False] PASSED [ 65%]
test/app/test_text_utils.py::TestGlobMatch::test_glob_match[**agent.py-agent.py-True] PASSED [ 65%]
test/app/test_text_utils.py::TestGlobMatch::test_glob_match[**agent.py-src/agent.py-True] PASSED [ 66%]
test/app/test_text_utils.py::TestGlobMatch::test_glob_match[**agent.py-src/app/agent.py-True] PASSED [ 66%]
test/app/test_text_utils.py::TestGlobMatch::test_glob_match[**agent.py-src/app/process_isolated_agent.py-True] PASSED [ 66%]
test/app/test_text_utils.py::TestGlobMatch::test_glob_match[**agent.py-agent_test.py-False] PASSED [ 67%]
test/app/test_text_utils.py::TestGlobMatch::test_glob_match[src/**agent.py-src/agent.py-True] PASSED [ 67%]
test/app/test_text_utils.py::TestGlobMatch::test_glob_match[src/**agent.py-src/app/agent.py-True] PASSED [ 67%]
test/app/test_text_utils.py::TestGlobMatch::test_glob_match[src/**agent.py-src/app/process_isolated_agent.py-True] PASSED [ 68%]
test/app/test_text_utils.py::TestGlobMatch::test_glob_match[src/**agent.py-other/agent.py-False] PASSED [ 68%]
test/app/test_text_utils.py::TestGlobMatch::test_glob_match[src/**agent.py-src/agent_test.py-False] PASSED [ 69%]
test/app/test_text_utils.py::TestGlobMatch::test_glob_match[src/**-src/file.py-True] PASSED [ 69%]
test/app/test_text_utils.py::TestGlobMatch::test_glob_match[src/**-src/dir/file.py-True] PASSED [ 69%]
test/app/test_text_utils.py::TestGlobMatch::test_glob_match[src/**-other/file.py-False] PASSED [ 70%]
test/app/test_text_utils.py::TestGlobMatch::test_glob_match[src/**/test.py-src/test.py-True] PASSED [ 70%]
test/app/test_text_utils.py::TestGlobMatch::test_glob_match[src/**/test.py-src/a/b/test.py-True] PASSED [ 71%]
test/app/test_text_utils.py::TestGlobMatch::test_glob_match[src/**/test.py-src/test_file.py-False] PASSED [ 71%]
test/app/test_text_utils.py::TestGlobMatch::test_glob_match[src/file.py-src/file.py-True] PASSED [ 71%]
test/app/test_text_utils.py::TestGlobMatch::test_glob_match[src/file.py-src/other.py-False] PASSED [ 72%]
test/app/test_tool_parameter_types.py::test_all_tool_parameters_have_type[chatgpt] PASSED [ 72%]
test/app/test_tool_parameter_types.py::test_all_tool_parameters_have_type[codex] PASSED [ 72%]
test/app/test_tool_parameter_types.py::test_all_tool_parameters_have_type[oaicompat-agent] PASSED [ 73%]
test/app/util/test_exception.py::TestHeadlessEnvironmentDetection::test_is_headless_no_display PASSED [ 73%]
test/app/util/test_exception.py::TestHeadlessEnvironmentDetection::test_is_headless_ssh_connection PASSED [ 74%]
test/app/util/test_exception.py::TestHeadlessEnvironmentDetection::test_is_headless_wsl PASSED [ 74%]
test/app/util/test_exception.py::TestHeadlessEnvironmentDetection::test_is_headless_docker PASSED [ 74%]
test/app/util/test_exception.py::TestHeadlessEnvironmentDetection::test_is_not_headless_windows PASSED [ 75%]
test/app/util/test_exception.py::TestShowFatalExceptionSafe::test_show_fatal_exception_safe_headless PASSED [ 75%]
test/app/util/test_exception.py::TestShowFatalExceptionSafe::test_show_fatal_exception_safe_with_gui PASSED [ 76%]
test/app/util/test_exception.py::TestShowFatalExceptionSafe::test_show_fatal_exception_safe_gui_failure PASSED [ 76%]
test/app/util/test_exception.py::TestShowFatalExceptionSafe::test_show_fatal_exception_safe_prints_to_stderr PASSED [ 76%]
test/app/util/test_file_system.py::TestGitignoreParser::test_initialization PASSED [ 77%]
test/app/util/test_file_system.py::TestGitignoreParser::test_find_gitignore_files PASSED [ 77%]
test/app/util/test_file_system.py::TestGitignoreParser::test_parse_patterns_root_directory PASSED [ 77%]
test/app/util/test_file_system.py::TestGitignoreParser::test_parse_patterns_subdirectory PASSED [ 78%]
test/app/util/test_file_system.py::TestGitignoreParser::test_should_ignore_root_patterns PASSED [ 78%]
test/app/util/test_file_system.py::TestGitignoreParser::test_should_ignore_subdirectory_patterns PASSED [ 79%]
test/app/util/test_file_system.py::TestGitignoreParser::test_anchored_vs_non_anchored_patterns PASSED [ 79%]
test/app/util/test_file_system.py::TestGitignoreParser::test_root_anchored_patterns PASSED [ 79%]
test/app/util/test_file_system.py::TestGitignoreParser::test_mixed_anchored_and_non_anchored_root_patterns PASSED [ 80%]
test/app/util/test_file_system.py::TestGitignoreParser::test_negation_patterns PASSED [ 80%]
test/app/util/test_file_system.py::TestGitignoreParser::test_comments_and_empty_lines PASSED [ 81%]
test/app/util/test_file_system.py::TestGitignoreParser::test_escaped_characters PASSED [ 81%]
test/app/util/test_file_system.py::TestGitignoreParser::test_escaped_negation_patterns PASSED [ 81%]
test/app/util/test_file_system.py::TestGitignoreParser::test_glob_patterns PASSED [ 82%]
test/app/util/test_file_system.py::TestGitignoreParser::test_empty_gitignore PASSED [ 82%]
test/app/util/test_file_system.py::TestGitignoreParser::test_malformed_gitignore PASSED [ 83%]
test/app/util/test_file_system.py::TestGitignoreParser::test_reload PASSED [ 83%]
test/app/util/test_file_system.py::TestGitignoreParser::test_gitignore_spec_matches PASSED [ 83%]
test/app/util/test_file_system.py::TestGitignoreParser::test_subdirectory_gitignore_pattern_scoping PASSED [ 84%]
test/app/util/test_file_system.py::TestGitignoreParser::test_anchored_pattern_in_subdirectory PASSED [ 84%]
test/app/util/test_file_system.py::TestGitignoreParser::test_double_star_pattern_scoping PASSED [ 84%]
test/app/util/test_file_system.py::TestGitignoreParser::test_anchored_double_star_pattern PASSED [ 85%]
test/solidlsp/python/test_retrieval_with_ignored_dirs.py::test_refs_and_symbols_with_glob_patterns[python] PASSED [ 85%]
test/solidlsp/python/test_python_basic.py::TestLanguageServerBasics::test_request_references_user_class[python] PASSED [ 86%]
test/solidlsp/python/test_python_basic.py::TestLanguageServerBasics::test_request_references_item_class[python] PASSED [ 86%]
test/solidlsp/python/test_python_basic.py::TestLanguageServerBasics::test_request_references_function_parameter[python] PASSED [ 86%]
test/solidlsp/python/test_python_basic.py::TestLanguageServerBasics::test_request_references_create_user_method[python] PASSED [ 87%]
test/solidlsp/python/test_symbol_retrieval.py::TestLanguageServerSymbols::test_request_containing_symbol_function[python] PASSED [ 87%]
test/solidlsp/python/test_symbol_retrieval.py::TestLanguageServerSymbols::test_references_to_variables[python] PASSED [ 88%]
test/solidlsp/python/test_symbol_retrieval.py::TestLanguageServerSymbols::test_request_containing_symbol_class[python] PASSED [ 88%]
test/solidlsp/python/test_symbol_retrieval.py::TestLanguageServerSymbols::test_request_containing_symbol_nested[python] PASSED [ 88%]
test/solidlsp/python/test_symbol_retrieval.py::TestLanguageServerSymbols::test_request_containing_symbol_none[python] PASSED [ 89%]
test/solidlsp/python/test_symbol_retrieval.py::TestLanguageServerSymbols::test_request_referencing_symbols_function[python] PASSED [ 89%]
test/solidlsp/python/test_symbol_retrieval.py::TestLanguageServerSymbols::test_request_referencing_symbols_class[python] PASSED [ 89%]
test/solidlsp/python/test_symbol_retrieval.py::TestLanguageServerSymbols::test_request_referencing_symbols_parameter[python] PASSED [ 90%]
test/solidlsp/python/test_symbol_retrieval.py::TestLanguageServerSymbols::test_request_referencing_symbols_none[python] PASSED [ 90%]
test/solidlsp/python/test_symbol_retrieval.py::TestLanguageServerSymbols::test_request_defining_symbol_variable[python] PASSED [ 91%]
test/solidlsp/python/test_symbol_retrieval.py::TestLanguageServerSymbols::test_request_defining_symbol_imported_class[python] PASSED [ 91%]
test/solidlsp/python/test_symbol_retrieval.py::TestLanguageServerSymbols::test_request_defining_symbol_method_call[python] PASSED [ 91%]
test/solidlsp/python/test_symbol_retrieval.py::TestLanguageServerSymbols::test_request_defining_symbol_none[python] PASSED [ 92%]
test/solidlsp/python/test_symbol_retrieval.py::TestLanguageServerSymbols::test_request_containing_symbol_variable[python] PASSED [ 92%]
test/solidlsp/python/test_symbol_retrieval.py::TestLanguageServerSymbols::test_request_defining_symbol_nested_function[python] PASSED [ 93%]
test/solidlsp/python/test_symbol_retrieval.py::TestLanguageServerSymbols::test_symbol_methods_integration[python] PASSED [ 93%]
test/solidlsp/python/test_symbol_retrieval.py::TestLanguageServerSymbols::test_symbol_tree_structure[python] PASSED [ 93%]
test/solidlsp/python/test_symbol_retrieval.py::TestLanguageServerSymbols::test_symbol_tree_structure_subdir[python] PASSED [ 94%]
test/solidlsp/python/test_symbol_retrieval.py::TestLanguageServerSymbols::test_request_dir_overview[python] PASSED [ 94%]
test/solidlsp/python/test_symbol_retrieval.py::TestLanguageServerSymbols::test_request_document_overview[python] PASSED [ 94%]
test/solidlsp/python/test_symbol_retrieval.py::TestLanguageServerSymbols::test_containing_symbol_of_var_is_file[python] PASSED [ 95%]
test/solidlsp/clojure/test_clojure_basic.py::TestProjectBasics::test_retrieve_content_around_line[clojure] PASSED [ 95%]
test/solidlsp/clojure/test_clojure_basic.py::TestProjectBasics::test_search_files_for_pattern[clojure] PASSED [ 96%]
test/solidlsp/python/test_python_basic.py::TestProjectBasics::test_retrieve_content_around_line[python] PASSED [ 96%]
test/solidlsp/python/test_python_basic.py::TestProjectBasics::test_search_files_for_pattern[python] PASSED [ 96%]
test/solidlsp/python/test_retrieval_with_ignored_dirs.py::test_symbol_tree_ignores_dir[python] PASSED [ 97%]
test/solidlsp/python/test_retrieval_with_ignored_dirs.py::test_find_references_ignores_dir[python] PASSED [ 97%]
test/solidlsp/util/test_zip.py::test_extract_all_success PASSED          [ 98%]
test/solidlsp/util/test_zip.py::test_include_patterns PASSED             [ 98%]
test/solidlsp/util/test_zip.py::test_exclude_patterns PASSED             [ 98%]
test/solidlsp/util/test_zip.py::test_include_and_exclude_patterns PASSED [ 99%]
test/solidlsp/util/test_zip.py::test_skip_on_error PASSED                [ 99%]
test/solidlsp/util/test_zip.py::test_long_path_normalization SKIPPED     [100%]

=============================== warnings summary ===============================
test/solidlsp/erlang/test_erlang_ignored_dirs.py:40
  /home/dev/app/test/solidlsp/erlang/test_erlang_ignored_dirs.py:40: PytestUnknownMarkWarning: Unknown pytest.mark.timeout - is this a typo?  You can register custom marks to avoid this warning - for details, see https://docs.pytest.org/en/stable/how-to/mark.html
    @pytest.mark.timeout(60)  # Add 60 second timeout

test/solidlsp/erlang/test_erlang_ignored_dirs.py:57
  /home/dev/app/test/solidlsp/erlang/test_erlang_ignored_dirs.py:57: PytestUnknownMarkWarning: Unknown pytest.mark.timeout - is this a typo?  You can register custom marks to avoid this warning - for details, see https://docs.pytest.org/en/stable/how-to/mark.html
    @pytest.mark.timeout(60)  # Add 60 second timeout

test/solidlsp/erlang/test_erlang_ignored_dirs.py:84
  /home/dev/app/test/solidlsp/erlang/test_erlang_ignored_dirs.py:84: PytestUnknownMarkWarning: Unknown pytest.mark.timeout - is this a typo?  You can register custom marks to avoid this warning - for details, see https://docs.pytest.org/en/stable/how-to/mark.html
    @pytest.mark.timeout(90)  # Longer timeout for this complex test

test/solidlsp/erlang/test_erlang_symbol_retrieval.py:309
  /home/dev/app/test/solidlsp/erlang/test_erlang_symbol_retrieval.py:309: PytestUnknownMarkWarning: Unknown pytest.mark.timeout - is this a typo?  You can register custom marks to avoid this warning - for details, see https://docs.pytest.org/en/stable/how-to/mark.html
    @pytest.mark.timeout(120)  # Add explicit timeout for this complex test

test/solidlsp/erlang/test_erlang_symbol_retrieval.py:408
  /home/dev/app/test/solidlsp/erlang/test_erlang_symbol_retrieval.py:408: PytestUnknownMarkWarning: Unknown pytest.mark.timeout - is this a typo?  You can register custom marks to avoid this warning - for details, see https://docs.pytest.org/en/stable/how-to/mark.html
    @pytest.mark.timeout(90)  # Add explicit timeout

test/app/config/test_app_config.py::TestProjectConfigAutogenerate::test_autogenerate_empty_directory
  /Users/dev/.local/share/uv/python/cpython-3.11.13-macos-aarch64-none/lib/python3.11/contextlib.py:137: UserWarning: Failed to patch PyCharm's diff tools. Skipping patch.
    return next(self.gen)

test/solidlsp/python/test_symbol_retrieval.py::TestLanguageServerSymbols::test_request_defining_symbol_method_call[python]
  /home/dev/app/test/solidlsp/python/test_symbol_retrieval.py:242: UserWarning: Could not verify method call definition - file structure may differ from expected
    warnings.warn("Could not verify method call definition - file structure may differ from expected")

-- Docs: https://docs.pytest.org/en/stable/how-to/capture-warnings.html
--------------------------- snapshot report summary ----------------------------
8 snapshots passed.

=================================== FAILURES ===================================
_______________________________ test_autogenerate_empty_directory _______________________________

    def test_autogenerate_empty_directory():
        project = load_project("/home/dev/app/test/resources/repos/python")
        symbols = project.find_symbol("Item", include_body=True)
>       assert symbols[0].body_location.start_line == 12
E       AssertionError: assert 14 == 12
E        +  where 14 = Location(start_line=14, end_line=31).start_line
E        +    where Location(start_line=14, end_line=31) = Symbol(name='Item', kind='class').body_location

test/app/config/test_app_config.py:57: AssertionError
----------------------------- Captured stderr call -----------------------------
WARNING  app.symbol:symbol.py:212 language server returned a stale document version, retrying
=========================== short test summary info ============================
FAILED test/app/config/test_app_config.py::TestProjectConfigAutogenerate::test_autogenerate_empty_directory - AssertionError: assert 14 == 12
=========== 1 failed, 257 passed, 1 skipped, 236 deselected, 7 warnings in 31.50s ==========
